[  0%] Built target iiwa_msgs_generate_messages_cpp
[ 16%] [32mBuilding CXX object CMakeFiles/setting_control_mode.dir/src/setting_control_mode.cpp.o[0m
[ 33%] [32mBuilding CXX object CMakeFiles/command_robot.dir/src/command_robot.cpp.o[0m
[01m[K/home/workcell/Desktop/iiwa_stack_ws/src/iiwa_stack/iiwa_tool_examples/src/command_robot.cpp:1:22:[m[K [01;31m[Kfatal error: [m[Kiiwa_ros.h: No such file or directory
compilation terminated.
CMakeFiles/command_robot.dir/build.make:62: recipe for target 'CMakeFiles/command_robot.dir/src/command_robot.cpp.o' failed
make[2]: *** [CMakeFiles/command_robot.dir/src/command_robot.cpp.o] Error 1
CMakeFiles/Makefile2:67: recipe for target 'CMakeFiles/command_robot.dir/all' failed
make[1]: *** [CMakeFiles/command_robot.dir/all] Error 2
make[1]: *** Waiting for unfinished jobs....
[01m[K/home/workcell/Desktop/iiwa_stack_ws/src/iiwa_stack/iiwa_tool_examples/src/setting_control_mode.cpp:1:22:[m[K [01;31m[Kfatal error: [m[Kiiwa_ros.h: No such file or directory
compilation terminated.
CMakeFiles/setting_control_mode.dir/build.make:62: recipe for target 'CMakeFiles/setting_control_mode.dir/src/setting_control_mode.cpp.o' failed
make[2]: *** [CMakeFiles/setting_control_mode.dir/src/setting_control_mode.cpp.o] Error 1
CMakeFiles/Makefile2:328: recipe for target 'CMakeFiles/setting_control_mode.dir/all' failed
make[1]: *** [CMakeFiles/setting_control_mode.dir/all] Error 2
[ 50%] [32mBuilding CXX object CMakeFiles/command_robot_moveit.dir/src/command_robot_moveit.cpp.o[0m
[01m[K/home/workcell/Desktop/iiwa_stack_ws/src/iiwa_stack/iiwa_tool_examples/src/command_robot_moveit.cpp:2:22:[m[K [01;31m[Kfatal error: [m[Kiiwa_ros.h: No such file or directory
compilation terminated.
CMakeFiles/command_robot_moveit.dir/build.make:62: recipe for target 'CMakeFiles/command_robot_moveit.dir/src/command_robot_moveit.cpp.o' failed
make[2]: *** [CMakeFiles/command_robot_moveit.dir/src/command_robot_moveit.cpp.o] Error 1
CMakeFiles/Makefile2:1869: recipe for target 'CMakeFiles/command_robot_moveit.dir/all' failed
make[1]: *** [CMakeFiles/command_robot_moveit.dir/all] Error 2
Makefile:138: recipe for target 'all' failed
make: *** [all] Error 2
